<?xml version="1.0" encoding="utf-8"?><testsuites name="pytest tests"><testsuite name="pytest" errors="0" failures="0" skipped="0" tests="13" time="3.135" timestamp="2026-07-28T18:55:33.318450+00:00" hostname="agent-env-7e458bd7-4c4b-422c-9e17-6e0d77e6c73f"><testcase classname="tests.test_customer_auth" name="test_register_creates_user_and_sets_cookie" time="0.229" /><testcase classname="tests.test_customer_auth" name="test_register_duplicate_email_returns_400" time="0.228" /><testcase classname="tests.test_customer_auth" name="test_register_password_too_short_422" time="0.002" /><testcase classname="tests.test_customer_auth" name="test_register_missing_name_422" time="0.002" /><testcase classname="tests.test_customer_auth" name="test_login_email_success_and_wrong_password" time="0.674" /><testcase classname="tests.test_customer_auth" name="test_me_requires_cookie" time="0.002" /><testcase classname="tests.test_customer_auth" name="test_me_returns_user_with_idle_timeout" time="0.268" /><testcase classname="tests.test_customer_auth" name="test_heartbeat_updates_last_activity" time="0.299" /><testcase classname="tests.test_customer_auth" name="test_logout_clears_cookie_and_session" time="0.316" /><testcase classname="tests.test_customer_auth" name="test_idle_timeout_kills_session" time="0.271" /><testcase classname="tests.test_customer_auth" name="test_login_events_recorded_for_login_and_logout" time="0.271" /><testcase classname="tests.test_customer_auth" name="test_my_bookings_auto_links_pre_signup_bookings" time="0.271" /><testcase classname="tests.test_customer_auth" name="test_google_only_user_can_add_password" time="0.230" /></testsuite></testsuites>