<?xml version="1.0" encoding="utf-8"?><testsuites name="pytest tests"><testsuite name="pytest" errors="0" failures="1" skipped="0" tests="8" time="2.528" timestamp="2026-07-27T11:50:35.997150+00:00" hostname="agent-env-7e458bd7-4c4b-422c-9e17-6e0d77e6c73f"><testcase classname="tests.test_home_backend" name="test_reviews" time="0.289" /><testcase classname="tests.test_home_backend" name="test_tours" time="0.046"><failure message="assert (True and 7 == 5)&#10; +  where True = isinstance([{'id': 'swimming-pigs', 'name': 'Exuma Swimming Pigs Day Tour', 'price': 285.0, 'duration': '8 hours', ...}, {'id': 'blue-lagoon', 'name': 'Blue Lagoon Island Beach Day', 'price': 89.0, 'duration': '6 hours', ...}, {'id': 'snorkel-reef', 'name': 'Rose Island Snorkeling Adventure', 'price': 65.0, 'duration': '4 hours', ...}, {'id': 'island-hop', 'name': 'Three-Island Boat Hopping (from Nassau)', 'price': 149.0, 'duration': '7 hours', ...}, {'id': 'atlantis-transfer', 'name': 'Atlantis &amp; Paradise Island City Tour', 'price': 45.0, 'duration': '3 hours', ...}, {'id': 'atlantis-tour', 'active': True, 'category': 'tour', 'description': &quot;Guided city tour ending at Atlantis Resort with photo stops at Fort Fincastle, Queen's Staircase and the Cloisters.&quot;, ...}, ...], list)&#10; +  and   7 = len([{'id': 'swimming-pigs', 'name': 'Exuma Swimming Pigs Day Tour', 'price': 285.0, 'duration': '8 hours', ...}, {'id': 'blue-lagoon', 'name': 'Blue Lagoon Island Beach Day', 'price': 89.0, 'duration': '6 hours', ...}, {'id': 'snorkel-reef', 'name': 'Rose Island Snorkeling Adventure', 'price': 65.0, 'duration': '4 hours', ...}, {'id': 'island-hop', 'name': 'Three-Island Boat Hopping (from Nassau)', 'price': 149.0, 'duration': '7 hours', ...}, {'id': 'atlantis-transfer', 'name': 'Atlantis &amp; Paradise Island City Tour', 'price': 45.0, 'duration': '3 hours', ...}, {'id': 'atlantis-tour', 'active': True, 'category': 'tour', 'description': &quot;Guided city tour ending at Atlantis Resort with photo stops at Fort Fincastle, Queen's Staircase and the Cloisters.&quot;, ...}, ...])">backend/tests/test_home_backend.py:38: in test_tours
    assert isinstance(tours, list) and len(tours) == 5
E   assert (True and 7 == 5)
E    +  where True = isinstance([{'id': 'swimming-pigs', 'name': 'Exuma Swimming Pigs Day Tour', 'price': 285.0, 'duration': '8 hours', ...}, {'id': 'blue-lagoon', 'name': 'Blue Lagoon Island Beach Day', 'price': 89.0, 'duration': '6 hours', ...}, {'id': 'snorkel-reef', 'name': 'Rose Island Snorkeling Adventure', 'price': 65.0, 'duration': '4 hours', ...}, {'id': 'island-hop', 'name': 'Three-Island Boat Hopping (from Nassau)', 'price': 149.0, 'duration': '7 hours', ...}, {'id': 'atlantis-transfer', 'name': 'Atlantis &amp; Paradise Island City Tour', 'price': 45.0, 'duration': '3 hours', ...}, {'id': 'atlantis-tour', 'active': True, 'category': 'tour', 'description': "Guided city tour ending at Atlantis Resort with photo stops at Fort Fincastle, Queen's Staircase and the Cloisters.", ...}, ...], list)
E    +  and   7 = len([{'id': 'swimming-pigs', 'name': 'Exuma Swimming Pigs Day Tour', 'price': 285.0, 'duration': '8 hours', ...}, {'id': 'blue-lagoon', 'name': 'Blue Lagoon Island Beach Day', 'price': 89.0, 'duration': '6 hours', ...}, {'id': 'snorkel-reef', 'name': 'Rose Island Snorkeling Adventure', 'price': 65.0, 'duration': '4 hours', ...}, {'id': 'island-hop', 'name': 'Three-Island Boat Hopping (from Nassau)', 'price': 149.0, 'duration': '7 hours', ...}, {'id': 'atlantis-transfer', 'name': 'Atlantis &amp; Paradise Island City Tour', 'price': 45.0, 'duration': '3 hours', ...}, {'id': 'atlantis-tour', 'active': True, 'category': 'tour', 'description': "Guided city tour ending at Atlantis Resort with photo stops at Fort Fincastle, Queen's Staircase and the Cloisters.", ...}, ...])</failure></testcase><testcase classname="tests.test_home_backend" name="test_rentals" time="0.040" /><testcase classname="tests.test_home_backend" name="test_rental_availability" time="0.077" /><testcase classname="tests.test_home_backend" name="test_fees" time="0.047" /><testcase classname="tests.test_home_backend" name="test_booking_taxi_pricing" time="0.092" /><testcase classname="tests.test_home_backend" name="test_booking_requires_passengers" time="0.041" /><testcase classname="tests.test_home_backend" name="test_chat_stream_sse" time="1.811" /></testsuite></testsuites>