<?xml version="1.0" encoding="utf-8"?><testsuites name="pytest tests"><testsuite name="pytest" errors="0" failures="0" skipped="0" tests="30" time="15.908" timestamp="2026-07-28T02:26:24.263104+00:00" hostname="agent-env-7e458bd7-4c4b-422c-9e17-6e0d77e6c73f"><testcase classname="tests.test_iteration9.TestPublicRoutes" name="test_tours" time="0.145" /><testcase classname="tests.test_iteration9.TestAuthGuard" name="test_requires_auth[/admin/bookings-GET]" time="0.124" /><testcase classname="tests.test_iteration9.TestAuthGuard" name="test_requires_auth[/admin/stats-GET]" time="0.065" /><testcase classname="tests.test_iteration9.TestPublicRoutes" name="test_taxi_services" time="0.082" /><testcase classname="tests.test_iteration9.TestAuthGuard" name="test_requires_auth[/admin/tours-GET]" time="0.077" /><testcase classname="tests.test_iteration9.TestPublicRoutes" name="test_rentals" time="0.071" /><testcase classname="tests.test_iteration9.TestAuthGuard" name="test_requires_auth[/admin/taxi_services-GET]" time="0.075" /><testcase classname="tests.test_iteration9.TestPublicRoutes" name="test_site_config" time="0.068" /><testcase classname="tests.test_iteration9.TestAuthGuard" name="test_requires_auth[/admin/rentals-GET]" time="0.087" /><testcase classname="tests.test_iteration9.TestPublicRoutes" name="test_paypal_config" time="0.110" /><testcase classname="tests.test_iteration9.TestAuthGuard" name="test_requires_auth[/admin/group-inquiries-GET]" time="0.114" /><testcase classname="tests.test_iteration9.TestPublicRoutes" name="test_payments_status_invalid_404" time="0.117" /><testcase classname="tests.test_iteration9.TestAuthGuard" name="test_requires_auth[/admin/site-config-PUT]" time="0.080" /><testcase classname="tests.test_iteration9.TestAdminCore" name="test_bookings_list" time="3.052" /><testcase classname="tests.test_iteration9.TestBookingWorkflow" name="test_booking_created" time="3.040" /><testcase classname="tests.test_iteration9.TestBookingWorkflow" name="test_get_booking" time="0.071" /><testcase classname="tests.test_iteration9.TestAdminCore" name="test_stats_shape" time="0.078" /><testcase classname="tests.test_iteration9.TestBookingWorkflow" name="test_receipt_pdf" time="0.086" /><testcase classname="tests.test_iteration9.TestAdminCore" name="test_group_inquiries_list" time="0.093" /><testcase classname="tests.test_iteration9.TestCatalogCRUD" name="test_list_each_kind" time="0.395" /><testcase classname="tests.test_iteration9.TestBookingWorkflow" name="test_status_patch" time="0.426" /><testcase classname="tests.test_iteration9.TestBookingWorkflow" name="test_resend_default_respects_toggles" time="2.769" /><testcase classname="tests.test_iteration9.TestCatalogCRUD" name="test_tours_create_update_delete" time="5.735" /><testcase classname="tests.test_iteration9.TestBookingWorkflow" name="test_resend_force_true" time="2.994" /><testcase classname="tests.test_iteration9.TestCatalogCRUD" name="test_unknown_kind_404" time="0.072" /><testcase classname="tests.test_iteration9.TestSiteConfig" name="test_toggle_roundtrip" time="5.317" /><testcase classname="tests.test_iteration9.TestGroupInquiries" name="test_created" time="5.385" /><testcase classname="tests.test_iteration9.TestGroupInquiries" name="test_status_patch" time="0.090" /><testcase classname="tests.test_iteration9.TestLogoUpload" name="test_upload_and_serve" time="0.224" /><testcase classname="tests.test_iteration9.TestGroupInquiries" name="test_wedding_quote_pdf" time="0.081" /></testsuite></testsuites>