<?xml version="1.0" encoding="utf-8"?><testsuites name="pytest tests"><testsuite name="pytest" errors="0" failures="0" skipped="0" tests="8" time="2.402" timestamp="2026-07-28T10:14:00.088864+00:00" hostname="agent-env-7e458bd7-4c4b-422c-9e17-6e0d77e6c73f"><testcase classname="tests.test_iteration13_promo" name="test_rentals_seed_price_present" time="0.101" /><testcase classname="tests.test_iteration13_promo" name="test_tours_seed_price_present" time="0.115" /><testcase classname="tests.test_iteration13_promo" name="test_taxi_seed_price_present" time="0.075" /><testcase classname="tests.test_iteration13_promo" name="test_rentals_promo_cycle" time="0.697" /><testcase classname="tests.test_iteration13_promo" name="test_tours_promo_cycle" time="0.429" /><testcase classname="tests.test_iteration13_promo" name="test_taxi_promo_cycle" time="0.420" /><testcase classname="tests.test_iteration13_promo" name="test_non_promo_reason_does_not_annotate" time="0.248" /><testcase classname="tests.test_iteration13_promo" name="test_promo_increase_does_not_annotate" time="0.261" /></testsuite></testsuites>