<?xml version="1.0" encoding="utf-8"?><testsuites name="pytest tests"><testsuite name="pytest" errors="0" failures="1" skipped="0" tests="30" time="6.397" timestamp="2026-07-30T02:32:22.988981+00:00" hostname="agent-env-7e458bd7-4c4b-422c-9e17-6e0d77e6c73f"><testcase classname="tests.test_iteration27_predeploy" name="test_public_endpoint_200[/tours]" time="0.113" /><testcase classname="tests.test_iteration27_predeploy" name="test_public_endpoint_200[/rentals]" time="0.089" /><testcase classname="tests.test_iteration27_predeploy" name="test_public_endpoint_200[/taxi-services]" time="0.070" /><testcase classname="tests.test_iteration27_predeploy" name="test_public_endpoint_200[/site-config]" time="0.084" /><testcase classname="tests.test_iteration27_predeploy" name="test_public_endpoint_200[/gallery]" time="0.082" /><testcase classname="tests.test_iteration27_predeploy" name="test_public_endpoint_200[/packages]" time="0.081" /><testcase classname="tests.test_iteration27_predeploy" name="test_public_endpoint_200[/promotions]" time="0.077" /><testcase classname="tests.test_iteration27_predeploy" name="test_public_endpoint_200[/cities]" time="0.070" /><testcase classname="tests.test_iteration27_predeploy" name="test_public_endpoint_200[/blackout-dates]" time="0.083" /><testcase classname="tests.test_iteration27_predeploy" name="test_admin_login_returns_jwt" time="0.284" /><testcase classname="tests.test_iteration27_predeploy" name="test_taxi_booking_still_works" time="0.547" /><testcase classname="tests.test_iteration27_predeploy" name="test_fleet_endpoint_removed" time="0.073" /><testcase classname="tests.test_iteration27_predeploy" name="test_admin_fleet_endpoint_removed" time="0.380" /><testcase classname="tests.test_iteration27_predeploy" name="test_cities_list" time="0.080" /><testcase classname="tests.test_iteration27_predeploy" name="test_waitlist_accepts_valid_city[freeport]" time="0.069" /><testcase classname="tests.test_iteration27_predeploy" name="test_waitlist_accepts_valid_city[exuma]" time="0.066" /><testcase classname="tests.test_iteration27_predeploy" name="test_waitlist_accepts_valid_city[andros]" time="0.067" /><testcase classname="tests.test_iteration27_predeploy" name="test_waitlist_rejects_unknown_city" time="0.073" /><testcase classname="tests.test_iteration27_predeploy" name="test_referral_summary_requires_auth" time="0.072" /><testcase classname="tests.test_iteration27_predeploy" name="test_referral_flow_end_to_end" time="0.657" /><testcase classname="tests.test_iteration27_predeploy" name="test_referral_invalid_code_silently_ignored" time="0.300" /><testcase classname="tests.test_iteration27_predeploy" name="test_blackout_add_and_book_blocked" time="0.381"><failure message="AssertionError: Clashing date not in error: {&quot;detail&quot;:&quot;Car rentals have a 2-day minimum. Please increase the number of days.&quot;}&#10;assert '2026-08-30' in '{&quot;detail&quot;:&quot;Car rentals have a 2-day minimum. Please increase the number of days.&quot;}'&#10; +  where '{&quot;detail&quot;:&quot;Car rentals have a 2-day minimum. Please increase the number of days.&quot;}' = &lt;Response [400]&gt;.text">backend/tests/test_iteration27_predeploy.py:225: in test_blackout_add_and_book_blocked
    assert target_date in rb.text, f"Clashing date not in error: {rb.text[:300]}"
E   AssertionError: Clashing date not in error: {"detail":"Car rentals have a 2-day minimum. Please increase the number of days."}
E   assert '2026-08-30' in '{"detail":"Car rentals have a 2-day minimum. Please increase the number of days."}'
E    +  where '{"detail":"Car rentals have a 2-day minimum. Please increase the number of days."}' = &lt;Response [400]&gt;.text</failure></testcase><testcase classname="tests.test_iteration27_predeploy" name="test_bulk_blackout_add_and_remove" time="0.149" /><testcase classname="tests.test_iteration27_predeploy" name="test_bulk_blackout_invalid_range" time="0.069" /><testcase classname="tests.test_iteration27_predeploy" name="test_extend_quote_requires_auth" time="0.076" /><testcase classname="tests.test_iteration27_predeploy" name="test_extend_quote_unknown_booking_404" time="0.449" /><testcase classname="tests.test_iteration27_predeploy" name="test_extend_quote_unpaid_400" time="0.783" /><testcase classname="tests.test_iteration27_predeploy" name="test_tokens_panel_lists_29" time="0.229" /><testcase classname="tests.test_iteration27_predeploy" name="test_tokens_facebook_status" time="0.166" /><testcase classname="tests.test_iteration27_predeploy" name="test_tokens_put_and_delete_safe_key" time="0.307" /></testsuite></testsuites>