<?xml version="1.0" encoding="utf-8"?><testsuites name="pytest tests"><testsuite name="pytest" errors="0" failures="1" skipped="0" tests="23" time="3.239" timestamp="2026-07-29T21:18:19.787123+00:00" hostname="agent-env-7e458bd7-4c4b-422c-9e17-6e0d77e6c73f"><testcase classname="tests.test_iteration24_promotions_babyseat.TestRegression" name="test_fleet_counts" time="0.148" /><testcase classname="tests.test_iteration24_promotions_babyseat.TestPromotions" name="test_public_promotions_list" time="0.151" /><testcase classname="tests.test_iteration24_promotions_babyseat.TestRegression" name="test_live_stats" time="0.074" /><testcase classname="tests.test_iteration24_promotions_babyseat.TestPromotions" name="test_admin_create_promotion" time="0.495" /><testcase classname="tests.test_iteration24_promotions_babyseat.TestPromotions" name="test_public_list_now_contains_promo" time="0.080" /><testcase classname="tests.test_iteration24_promotions_babyseat.TestRegression" name="test_push_vapid" time="0.531" /><testcase classname="tests.test_iteration24_promotions_babyseat.TestPromotions" name="test_booking_auto_applies_promo" time="0.592" /><testcase classname="tests.test_iteration24_promotions_babyseat.TestRegression" name="test_facebook_status" time="0.705"><failure message="AssertionError: assert False is True&#10; +  where False = &lt;built-in method get of dict object at 0xfac6dbcb1c40&gt;('valid')&#10; +    where &lt;built-in method get of dict object at 0xfac6dbcb1c40&gt; = {'configured': True, 'reachable': True, 'valid': False, 'error': 'Error validating access token: Session has expired on Wednesday, 29-Jul-26 06:00:00 PDT. The current time is Wednesday, 29-Jul-26 14:18:21 PDT.'}.get">backend/tests/test_iteration24_promotions_babyseat.py:304: in test_facebook_status
    assert d.get("valid") is True
E   AssertionError: assert False is True
E    +  where False = &lt;built-in method get of dict object at 0xfac6dbcb1c40&gt;('valid')
E    +    where &lt;built-in method get of dict object at 0xfac6dbcb1c40&gt; = {'configured': True, 'reachable': True, 'valid': False, 'error': 'Error validating access token: Session has expired on Wednesday, 29-Jul-26 06:00:00 PDT. The current time is Wednesday, 29-Jul-26 14:18:21 PDT.'}.get</failure></testcase><testcase classname="tests.test_iteration24_promotions_babyseat.TestPromotions" name="test_admin_patch_deactivate" time="0.053" /><testcase classname="tests.test_iteration24_promotions_babyseat.TestPromotions" name="test_public_list_after_deactivate" time="0.079" /><testcase classname="tests.test_iteration24_promotions_babyseat.TestPromotions" name="test_booking_after_deactivate_has_no_promo" time="0.349" /><testcase classname="tests.test_iteration24_promotions_babyseat.TestRegression" name="test_driver_manifest" time="0.281" /><testcase classname="tests.test_iteration24_promotions_babyseat.TestRegression" name="test_gallery_submit_and_approve" time="0.035" /><testcase classname="tests.test_iteration24_promotions_babyseat.TestHomeSlides" name="test_10_slides_with_ardastra" time="0.032" /><testcase classname="tests.test_iteration24_promotions_babyseat.TestPromotions" name="test_admin_list_requires_auth" time="0.078" /><testcase classname="tests.test_iteration24_promotions_babyseat.TestHomeSlides" name="test_slide_images_high_res" time="0.031" /><testcase classname="tests.test_iteration24_promotions_babyseat.TestHomeSlides" name="test_plain_taxi_booking" time="0.347" /><testcase classname="tests.test_iteration24_promotions_babyseat.TestPromotions" name="test_admin_delete" time="0.295" /><testcase classname="tests.test_iteration24_promotions_babyseat.TestPromotions" name="test_delete_404_on_missing" time="0.083" /><testcase classname="tests.test_iteration24_promotions_babyseat.TestBabySeat" name="test_baby_seat_fee_5_days" time="0.333" /><testcase classname="tests.test_iteration24_promotions_babyseat.TestPackages" name="test_two_packages" time="0.286" /><testcase classname="tests.test_iteration24_promotions_babyseat.TestBabySeat" name="test_baby_seat_free_15_days" time="0.365" /><testcase classname="tests.test_iteration24_promotions_babyseat.TestPackages" name="test_airport_tour_lpia_image" time="0.321" /></testsuite></testsuites>