<?xml version="1.0" encoding="utf-8"?><testsuites name="pytest tests"><testsuite name="pytest" errors="0" failures="0" skipped="0" tests="4" time="1.144" timestamp="2026-07-29T21:19:04.425945+00:00" hostname="agent-env-7e458bd7-4c4b-422c-9e17-6e0d77e6c73f"><testcase classname="tests.test_iteration26_regression" name="test_baby_seat_2seats_3days_is_42" time="0.449" /><testcase classname="tests.test_iteration26_regression" name="test_baby_seat_clamps_at_3" time="0.155" /><testcase classname="tests.test_iteration26_regression" name="test_packages_endpoint_shape" time="0.091" /><testcase classname="tests.test_iteration26_regression" name="test_public_promotions_shape" time="0.120" /></testsuite></testsuites>