<?xml version="1.0" encoding="utf-8"?><testsuites name="pytest tests"><testsuite name="pytest" errors="0" failures="0" skipped="0" tests="7" time="1.544" timestamp="2026-07-28T17:39:01.714433+00:00" hostname="agent-env-7e458bd7-4c4b-422c-9e17-6e0d77e6c73f"><testcase classname="tests.test_admin_fixes" name="test_admin_payments_ok" time="0.517" /><testcase classname="tests.test_admin_fixes" name="test_admin_content_ok" time="0.239" /><testcase classname="tests.test_admin_fixes" name="test_admin_zelle_mark_paid_404" time="0.093" /><testcase classname="tests.test_admin_fixes" name="test_admin_content_requires_auth" time="0.074" /><testcase classname="tests.test_admin_fixes" name="test_about_page_serves" time="0.106" /><testcase classname="tests.test_admin_fixes" name="test_home_serves" time="0.099" /><testcase classname="tests.test_admin_fixes" name="test_pay_page_serves" time="0.075" /></testsuite></testsuites>