<?xml version="1.0" encoding="utf-8"?><testsuites name="pytest tests"><testsuite name="pytest" errors="0" failures="0" skipped="0" tests="10" time="5.817" timestamp="2026-07-28T09:53:11.073861+00:00" hostname="agent-env-7e458bd7-4c4b-422c-9e17-6e0d77e6c73f"><testcase classname="tests.test_iteration12_price_history" name="test_list_rentals_contains_created" time="0.636" /><testcase classname="tests.test_iteration12_price_history" name="test_put_with_price_change_logs_history" time="0.112" /><testcase classname="tests.test_iteration12_price_history" name="test_patch_price_ok" time="0.099" /><testcase classname="tests.test_iteration12_price_history" name="test_patch_price_identical_returns_400" time="0.077" /><testcase classname="tests.test_iteration12_price_history" name="test_patch_price_zero_or_negative" time="0.156" /><testcase classname="tests.test_iteration12_price_history" name="test_get_price_history" time="0.093" /><testcase classname="tests.test_iteration12_price_history" name="test_price_history_other_kinds[tours]" time="0.343" /><testcase classname="tests.test_iteration12_price_history" name="test_price_history_other_kinds[taxi_services]" time="0.328" /><testcase classname="tests.test_iteration12_price_history" name="test_admin_added_survives_restart" time="3.405" /><testcase classname="tests.test_iteration12_price_history" name="test_delete_rental" time="0.262" /></testsuite></testsuites>