<?xml version="1.0" encoding="utf-8"?><testsuites name="pytest tests"><testsuite name="pytest" errors="0" failures="0" skipped="0" tests="10" time="3.041" timestamp="2026-07-27T13:38:04.030412+00:00" hostname="agent-env-7e458bd7-4c4b-422c-9e17-6e0d77e6c73f"><testcase classname="tests.test_iteration3" name="test_taxi_services_count_and_new_routes" time="0.132" /><testcase classname="tests.test_iteration3" name="test_tours_count_4" time="0.045" /><testcase classname="tests.test_iteration3" name="test_fees_passenger_policy" time="0.050" /><testcase classname="tests.test_iteration3" name="test_passenger_fee[2-0.0]" time="0.044" /><testcase classname="tests.test_iteration3" name="test_passenger_fee[3-5.0]" time="0.045" /><testcase classname="tests.test_iteration3" name="test_passenger_fee[5-15.0]" time="0.042" /><testcase classname="tests.test_iteration3" name="test_logo_upload_requires_auth" time="0.048" /><testcase classname="tests.test_iteration3" name="test_wedding_pdf" time="0.362" /><testcase classname="tests.test_iteration3" name="test_booking_receipt_pdf" time="0.092" /><testcase classname="tests.test_iteration3" name="test_chat_sse_stream" time="1.664" /></testsuite></testsuites>