<?xml version="1.0" encoding="utf-8"?><testsuites name="pytest tests"><testsuite name="pytest" errors="0" failures="0" skipped="0" tests="26" time="47.818" timestamp="2026-07-27T21:38:46.250904+00:00" hostname="agent-env-7e458bd7-4c4b-422c-9e17-6e0d77e6c73f"><testcase classname="tests.test_iteration4" name="test_admin_login_wrong_password" time="0.511" /><testcase classname="tests.test_iteration4" name="test_admin_login_success_returns_jwt" time="0.261" /><testcase classname="tests.test_iteration4" name="test_rental_1day_deposit_150" time="2.794" /><testcase classname="tests.test_iteration4" name="test_rental_3day_deposit_once_150" time="2.688" /><testcase classname="tests.test_iteration4" name="test_taxi_no_deposit[1-35.0]" time="2.774" /><testcase classname="tests.test_iteration4" name="test_taxi_no_deposit[4-45.0]" time="2.658" /><testcase classname="tests.test_iteration4" name="test_fees_rental_deposit" time="0.038" /><testcase classname="tests.test_iteration4" name="test_admin_stats_requires_auth" time="0.042" /><testcase classname="tests.test_iteration4" name="test_admin_stats_has_deposit_fields" time="0.041" /><testcase classname="tests.test_iteration4" name="test_deposit_patch_requires_admin" time="3.182" /><testcase classname="tests.test_iteration4" name="test_deposit_patch_rejects_invalid_status" time="3.044" /><testcase classname="tests.test_iteration4" name="test_deposit_patch_requires_deposit_amount" time="2.837" /><testcase classname="tests.test_iteration4" name="test_deposit_release_zelle_manual_refund_failed" time="3.141" /><testcase classname="tests.test_iteration4" name="test_deposit_forfeit_no_refund" time="3.120" /><testcase classname="tests.test_iteration4" name="test_deposit_release_no_auto_refund" time="3.589" /><testcase classname="tests.test_iteration4" name="test_paypal_config_public" time="0.043" /><testcase classname="tests.test_iteration4" name="test_paypal_create_order_404_unknown_booking" time="0.040" /><testcase classname="tests.test_iteration4" name="test_paypal_create_order_409_when_paid" time="3.326" /><testcase classname="tests.test_iteration4" name="test_paypal_create_order_returns_order_id" time="3.451" /><testcase classname="tests.test_iteration4" name="test_paypal_capture_order_404" time="0.080" /><testcase classname="tests.test_iteration4" name="test_site_config_fields" time="0.039" /><testcase classname="tests.test_iteration4" name="test_uploads_logo_serves_png" time="0.124" /><testcase classname="tests.test_iteration4" name="test_saturday_blackout_rental" time="0.077" /><testcase classname="tests.test_iteration4" name="test_cancel_15pct_when_far_future" time="3.141" /><testcase classname="tests.test_iteration4" name="test_cancel_no_refund_within_48h" time="3.644" /><testcase classname="tests.test_iteration4" name="test_notifications_do_not_500_on_paid_rental" time="2.634" /></testsuite></testsuites>