<?xml version="1.0" encoding="utf-8"?><testsuites name="pytest tests"><testsuite name="pytest" errors="0" failures="0" skipped="0" tests="11" time="1.562" timestamp="2026-07-27T11:57:48.351635+00:00" hostname="agent-env-7e458bd7-4c4b-422c-9e17-6e0d77e6c73f"><testcase classname="tests.test_iteration2" name="test_taxi_saturday_rejected" time="0.275" /><testcase classname="tests.test_iteration2" name="test_rental_friday_3days_rejected" time="0.079" /><testcase classname="tests.test_iteration2" name="test_taxi_sunday_ok" time="0.042" /><testcase classname="tests.test_iteration2" name="test_tour_saturday_ok" time="0.122" /><testcase classname="tests.test_iteration2" name="test_fees_includes_closed" time="0.075" /><testcase classname="tests.test_iteration2" name="test_tours_count_5" time="0.037" /><testcase classname="tests.test_iteration2" name="test_admin_login" time="0.258" /><testcase classname="tests.test_iteration2" name="test_admin_bookings" time="0.040" /><testcase classname="tests.test_iteration2" name="test_admin_tours" time="0.035" /><testcase classname="tests.test_iteration2" name="test_admin_taxi_services" time="0.033" /><testcase classname="tests.test_iteration2" name="test_admin_rentals" time="0.033" /></testsuite></testsuites>