<?xml version="1.0" encoding="utf-8"?><testsuites name="pytest tests"><testsuite name="pytest" errors="0" failures="0" skipped="0" tests="8" time="1.743" timestamp="2026-07-29T12:22:37.610107+00:00" hostname="agent-env-7e458bd7-4c4b-422c-9e17-6e0d77e6c73f"><testcase classname="tests.test_iteration23_fleet.TestFleetAdmin" name="test_put_requires_auth" time="0.165" /><testcase classname="tests.test_iteration23_fleet.TestFleetPublic" name="test_get_fleet_shape" time="0.109" /><testcase classname="tests.test_iteration23_fleet.TestFleetPublic" name="test_driver_ids" time="0.000" /><testcase classname="tests.test_iteration23_fleet.TestFleetPublic" name="test_vehicle_ids" time="0.000" /><testcase classname="tests.test_iteration23_fleet.TestRegression" name="test_tours_still_work" time="1.116" /><testcase classname="tests.test_iteration23_fleet.TestFleetAdmin" name="test_put_updates_headline_and_restores" time="0.902" /><testcase classname="tests.test_iteration23_fleet.TestFleetAdmin" name="test_empty_state_then_restore" time="0.364" /><testcase classname="tests.test_iteration23_fleet.TestRegression" name="test_driver_manifest_requires_admin" time="0.080" /></testsuite></testsuites>