<?xml version="1.0" encoding="utf-8"?><testsuites name="pytest tests"><testsuite name="pytest" errors="0" failures="1" skipped="0" tests="17" time="24.971" timestamp="2026-07-29T01:34:53.525032+00:00" hostname="agent-env-7e458bd7-4c4b-422c-9e17-6e0d77e6c73f"><testcase classname="tests.test_iteration18_taxi_features.TestRentalTiers" name="test_5_day_3pct" time="3.528" /><testcase classname="tests.test_iteration18_taxi_features.TestTaxiQuote" name="test_locations" time="0.167" /><testcase classname="tests.test_iteration18_taxi_features.TestTaxiQuote" name="test_lpia_to_cable_beach_matches_35" time="3.359" /><testcase classname="tests.test_iteration18_taxi_features.TestRentalTiers" name="test_7_day_7pct" time="3.017" /><testcase classname="tests.test_iteration18_taxi_features.TestTaxiQuote" name="test_downtown_to_lpia_matches_40" time="3.017"><failure message="AssertionError: {'matched': False, 'reason': 'no_fixed_rate', 'message': 'No fixed fare for this exact route yet — request a custom quote below or book our hourly charter.', 'fallback': {'id': 'hourly-charter', 'name': 'Nassau / Paradise Island Hourly Charter', 'price': 55.0, 'description': 'Private driver by the hour, 2-hour minimum. Perfect for shopping, sightseeing, or errands.', ...}, ...}&#10;assert False is True">backend/tests/test_iteration18_taxi_features.py:56: in test_downtown_to_lpia_matches_40
    assert d["matched"] is True, d
E   AssertionError: {'matched': False, 'reason': 'no_fixed_rate', 'message': 'No fixed fare for this exact route yet — request a custom quote below or book our hourly charter.', 'fallback': {'id': 'hourly-charter', 'name': 'Nassau / Paradise Island Hourly Charter', 'price': 55.0, 'description': 'Private driver by the hour, 2-hour minimum. Perfect for shopping, sightseeing, or errands.', ...}, ...}
E   assert False is True</failure></testcase><testcase classname="tests.test_iteration18_taxi_features.TestRentalTiers" name="test_14_day_12pct" time="3.112" /><testcase classname="tests.test_iteration18_taxi_features.TestTaxiQuote" name="test_lpia_to_downtown_bidirectional_40" time="3.096" /><testcase classname="tests.test_iteration18_taxi_features.TestQuoteRequest" name="test_quote_request_created" time="5.515" /><testcase classname="tests.test_iteration18_taxi_features.TestTaxiQuote" name="test_unknown_route_no_fixed_rate" time="0.086" /><testcase classname="tests.test_iteration18_taxi_features.TestTaxiQuote" name="test_same_location" time="5.433" /><testcase classname="tests.test_iteration18_taxi_features.TestQuoteRequest" name="test_quote_request_requires_fields" time="0.127" /><testcase classname="tests.test_iteration18_taxi_features.TestSaturdayValidation" name="test_saturday_pickup_rejected" time="0.122" /><testcase classname="tests.test_iteration18_taxi_features.TestSaturdayValidation" name="test_sunday_pickup_6_day_rental_accepted" time="5.900" /><testcase classname="tests.test_iteration18_taxi_features.TestRoundTrip" name="test_round_trip_taxi_40_price" time="5.900" /><testcase classname="tests.test_iteration18_taxi_features.TestLiveStats" name="test_live_stats_shape" time="3.032" /><testcase classname="tests.test_iteration18_taxi_features.TestRoundTrip" name="test_round_trip_paradise_bridge_toll" time="3.030" /><testcase classname="tests.test_iteration18_taxi_features.TestHeartbeat" name="test_heartbeat_ok" time="0.377" /></testsuite></testsuites>