<?xml version="1.0" encoding="utf-8"?><testsuites name="pytest tests"><testsuite name="pytest" errors="0" failures="1" skipped="0" tests="8" time="7.146" timestamp="2026-07-27T22:25:46.736168+00:00" hostname="agent-env-7e458bd7-4c4b-422c-9e17-6e0d77e6c73f"><testcase classname="tests.test_notifications_iter7" name="test_site_config_has_notify_flags" time="0.138" /><testcase classname="tests.test_notifications_iter7" name="test_admin_update_site_config_persists_flags" time="0.480" /><testcase classname="tests.test_notifications_iter7" name="test_zelle_booking_disabled_reflects_in_status" time="0.118"><failure message="AssertionError: assert None&#10; +  where None = &lt;built-in method get of dict object at 0xff50ccb8eb80&gt;('notified_at')&#10; +    where &lt;built-in method get of dict object at 0xff50ccb8eb80&gt; = {'service_type': 'taxi', 'item_id': 'airport-nassau', 'item_name': 'LPIA Airport → Downtown Nassau / Cable Beach', 'price': 35.0, ...}.get">backend/tests/test_notifications_iter7.py:142: in test_zelle_booking_disabled_reflects_in_status
    assert b.get("notified_at")
E   AssertionError: assert None
E    +  where None = &lt;built-in method get of dict object at 0xff50ccb8eb80&gt;('notified_at')
E    +    where &lt;built-in method get of dict object at 0xff50ccb8eb80&gt; = {'service_type': 'taxi', 'item_id': 'airport-nassau', 'item_name': 'LPIA Airport → Downtown Nassau / Cable Beach', 'price': 35.0, ...}.get</failure></testcase><testcase classname="tests.test_notifications_iter7" name="test_restore_flags_then_booking_reflects_enabled" time="2.895" /><testcase classname="tests.test_notifications_iter7" name="test_admin_bookings_surfaces_notification_status" time="0.049" /><testcase classname="tests.test_notifications_iter7" name="test_resend_notification_updates_status" time="3.286" /><testcase classname="tests.test_notifications_iter7" name="test_resend_notification_requires_auth" time="0.047" /><testcase classname="tests.test_notifications_iter7" name="test_resend_notification_404_for_missing" time="0.047" /></testsuite></testsuites>