<?xml version="1.0" encoding="utf-8"?><testsuites name="pytest tests"><testsuite name="pytest" errors="0" failures="0" skipped="0" tests="22" time="6.524" timestamp="2026-07-29T12:10:02.526947+00:00" hostname="agent-env-7e458bd7-4c4b-422c-9e17-6e0d77e6c73f"><testcase classname="tests.test_gallery_submissions.TestGallerySubmit" name="test_submit_valid_image" time="0.125" /><testcase classname="tests.test_gallery_submissions.TestGallerySubmit" name="test_submit_rejects_non_image_mime" time="0.094" /><testcase classname="tests.test_gallery_submissions.TestGallerySubmit" name="test_submit_rejects_oversized" time="0.224" /><testcase classname="tests.test_gallery_submissions.TestGallerySubmit" name="test_submit_missing_file" time="0.089" /><testcase classname="tests.test_gallery_submissions.TestAdminGalleryAuth" name="test_pending_requires_auth" time="0.127" /><testcase classname="tests.test_gallery_submissions.TestAdminGalleryAuth" name="test_approve_requires_auth" time="0.120" /><testcase classname="tests.test_gallery_submissions.TestAdminGalleryAuth" name="test_reject_requires_auth" time="0.095" /><testcase classname="tests.test_gallery_submissions.TestAdminGalleryFlow" name="test_pending_contains_submission" time="0.380" /><testcase classname="tests.test_gallery_submissions.TestAdminGalleryFlow" name="test_approve_publishes_to_gallery" time="1.049" /><testcase classname="tests.test_gallery_submissions.TestAdminGalleryFlow" name="test_approve_idempotent_returns_404" time="0.087" /><testcase classname="tests.test_gallery_submissions.TestAdminGalleryFlow" name="test_reject_flow" time="0.384" /><testcase classname="tests.test_gallery_submissions.TestAdminGalleryFlow" name="test_reject_nonexistent_returns_404" time="0.084" /><testcase classname="tests.test_facebook_crop.TestOptimiseForFacebook" name="test_portrait_jpeg_cropped_to_1200x630" time="0.016" /><testcase classname="tests.test_facebook_crop.TestOptimiseForFacebook" name="test_wide_jpeg_cropped_to_1200x630" time="0.077" /><testcase classname="tests.test_facebook_crop.TestOptimiseForFacebook" name="test_rgba_png_converted_to_rgb_jpeg" time="0.038" /><testcase classname="tests.test_facebook_crop.TestOptimiseForFacebook" name="test_junk_bytes_fallback" time="0.017" /><testcase classname="tests.test_iteration22_gallery_fb.TestAdminApprovedList" name="test_unauthenticated_returns_401" time="0.064" /><testcase classname="tests.test_iteration22_gallery_fb.TestAdminApprovedList" name="test_authenticated_returns_list" time="0.412" /><testcase classname="tests.test_iteration22_gallery_fb.TestAdminApprovedList" name="test_sorted_by_approved_at_desc" time="0.083" /><testcase classname="tests.test_iteration22_gallery_fb.TestRepostEndpoint" name="test_repost_nonexistent_returns_404" time="0.079" /><testcase classname="tests.test_iteration22_gallery_fb.TestRepostEndpoint" name="test_repost_unauth_returns_401" time="0.084" /><testcase classname="tests.test_iteration22_gallery_fb.TestEndToEndApproveFlow" name="test_full_flow" time="2.684" /></testsuite></testsuites>