<?xml version="1.0" encoding="utf-8"?><testsuites name="pytest tests"><testsuite name="pytest" errors="0" failures="2" skipped="0" tests="23" time="3.178" timestamp="2026-07-29T15:56:15.869923+00:00" hostname="agent-env-7e458bd7-4c4b-422c-9e17-6e0d77e6c73f"><testcase classname="tests.test_iteration24_promotions_babyseat.TestRegression" name="test_fleet_counts" time="0.391" /><testcase classname="tests.test_iteration24_promotions_babyseat.TestPromotions" name="test_public_promotions_list" time="0.133" /><testcase classname="tests.test_iteration24_promotions_babyseat.TestRegression" name="test_live_stats" time="0.074" /><testcase classname="tests.test_iteration24_promotions_babyseat.TestPromotions" name="test_admin_create_promotion" time="0.376" /><testcase classname="tests.test_iteration24_promotions_babyseat.TestPromotions" name="test_public_list_now_contains_promo" time="0.213" /><testcase classname="tests.test_iteration24_promotions_babyseat.TestPromotions" name="test_booking_auto_applies_promo" time="0.581" /><testcase classname="tests.test_iteration24_promotions_babyseat.TestRegression" name="test_push_vapid" time="0.336" /><testcase classname="tests.test_iteration24_promotions_babyseat.TestRegression" name="test_facebook_status" time="0.950"><failure message="AssertionError: assert False is True&#10; +  where False = &lt;built-in method get of dict object at 0xff7546ab67c0&gt;('valid')&#10; +    where &lt;built-in method get of dict object at 0xff7546ab67c0&gt; = {'configured': True, 'reachable': True, 'valid': False, 'error': 'Error validating access token: Session has expired on Wednesday, 29-Jul-26 06:00:00 PDT. The current time is Wednesday, 29-Jul-26 08:56:17 PDT.'}.get">backend/tests/test_iteration24_promotions_babyseat.py:304: in test_facebook_status
    assert d.get("valid") is True
E   AssertionError: assert False is True
E    +  where False = &lt;built-in method get of dict object at 0xff7546ab67c0&gt;('valid')
E    +    where &lt;built-in method get of dict object at 0xff7546ab67c0&gt; = {'configured': True, 'reachable': True, 'valid': False, 'error': 'Error validating access token: Session has expired on Wednesday, 29-Jul-26 06:00:00 PDT. The current time is Wednesday, 29-Jul-26 08:56:17 PDT.'}.get</failure></testcase><testcase classname="tests.test_iteration24_promotions_babyseat.TestPromotions" name="test_admin_patch_deactivate" time="0.076" /><testcase classname="tests.test_iteration24_promotions_babyseat.TestPromotions" name="test_public_list_after_deactivate" time="0.031" /><testcase classname="tests.test_iteration24_promotions_babyseat.TestPromotions" name="test_booking_after_deactivate_has_no_promo" time="0.338"><failure message="AssertionError: expected no promotion, got 607E1134&#10;assert not '607E1134'&#10; +  where '607E1134' = &lt;built-in method get of dict object at 0xfb752e5febc0&gt;('promotion_id')&#10; +    where &lt;built-in method get of dict object at 0xfb752e5febc0&gt; = {'service_type': 'taxi', 'item_id': 'lpia-nassau', 'item_name': 'LPIA → Nassau', 'price': 40.0, ...}.get">backend/tests/test_iteration24_promotions_babyseat.py:193: in test_booking_after_deactivate_has_no_promo
    assert not b.get("promotion_id"), f"expected no promotion, got {b.get('promotion_id')}"
E   AssertionError: expected no promotion, got 607E1134
E   assert not '607E1134'
E    +  where '607E1134' = &lt;built-in method get of dict object at 0xfb752e5febc0&gt;('promotion_id')
E    +    where &lt;built-in method get of dict object at 0xfb752e5febc0&gt; = {'service_type': 'taxi', 'item_id': 'lpia-nassau', 'item_name': 'LPIA → Nassau', 'price': 40.0, ...}.get</failure></testcase><testcase classname="tests.test_iteration24_promotions_babyseat.TestRegression" name="test_driver_manifest" time="0.032" /><testcase classname="tests.test_iteration24_promotions_babyseat.TestPromotions" name="test_admin_list_requires_auth" time="0.033" /><testcase classname="tests.test_iteration24_promotions_babyseat.TestRegression" name="test_gallery_submit_and_approve" time="0.084" /><testcase classname="tests.test_iteration24_promotions_babyseat.TestPromotions" name="test_admin_delete" time="0.071" /><testcase classname="tests.test_iteration24_promotions_babyseat.TestPromotions" name="test_delete_404_on_missing" time="0.073" /><testcase classname="tests.test_iteration24_promotions_babyseat.TestHomeSlides" name="test_10_slides_with_ardastra" time="0.032" /><testcase classname="tests.test_iteration24_promotions_babyseat.TestHomeSlides" name="test_slide_images_high_res" time="0.034" /><testcase classname="tests.test_iteration24_promotions_babyseat.TestHomeSlides" name="test_plain_taxi_booking" time="0.355" /><testcase classname="tests.test_iteration24_promotions_babyseat.TestBabySeat" name="test_baby_seat_fee_5_days" time="0.587" /><testcase classname="tests.test_iteration24_promotions_babyseat.TestPackages" name="test_two_packages" time="0.229" /><testcase classname="tests.test_iteration24_promotions_babyseat.TestBabySeat" name="test_baby_seat_free_15_days" time="0.332" /><testcase classname="tests.test_iteration24_promotions_babyseat.TestPackages" name="test_airport_tour_lpia_image" time="0.033" /></testsuite></testsuites>