<?xml version="1.0" encoding="utf-8"?><testsuites name="pytest tests"><testsuite name="pytest" errors="0" failures="8" skipped="0" tests="21" time="1.538" timestamp="2026-07-29T15:46:22.126091+00:00" hostname="agent-env-7e458bd7-4c4b-422c-9e17-6e0d77e6c73f"><testcase classname="tests.test_iteration24_promotions_babyseat.TestPromotions" name="test_public_promotions_list" time="0.159" /><testcase classname="tests.test_iteration24_promotions_babyseat.TestRegression" name="test_plain_taxi_booking" time="0.150"><failure message="AssertionError: {&quot;detail&quot;:[{&quot;type&quot;:&quot;missing&quot;,&quot;loc&quot;:[&quot;body&quot;,&quot;price&quot;],&quot;msg&quot;:&quot;Field required&quot;,&quot;input&quot;:{&quot;service_type&quot;:&quot;taxi&quot;,&quot;item_id&quot;:&quot;lpia-nassau&quot;,&quot;item_name&quot;:&quot;LPIA → Nassau&quot;,&quot;customer_name&quot;:&quot;TEST_PlainTaxi&quot;,&quot;customer_email&quot;:&quot;test_plain@example.com&quot;,&quot;customer_phone&quot;:&quot;+12420000000&quot;,&quot;pickup_date&quot;:&quot;2026-08-05&quot;,&quot;pickup_time&quot;:&quot;10:00&quot;,&quot;pickup_location&quot;:&quot;LPIA&quot;,&quot;dropoff_location&quot;:&quot;Nassau&quot;,&quot;num_passengers&quot;:1,&quot;num_luggage&quot;:&#10;assert 422 == 200&#10; +  where 422 = &lt;Response [422]&gt;.status_code">backend/tests/test_iteration24_promotions_babyseat.py:244: in test_plain_taxi_booking
    assert r.status_code == 200, r.text[:400]
E   AssertionError: {"detail":[{"type":"missing","loc":["body","price"],"msg":"Field required","input":{"service_type":"taxi","item_id":"lpia-nassau","item_name":"LPIA → Nassau","customer_name":"TEST_PlainTaxi","customer_email":"test_plain@example.com","customer_phone":"+12420000000","pickup_date":"2026-08-05","pickup_time":"10:00","pickup_location":"LPIA","dropoff_location":"Nassau","num_passengers":1,"num_luggage":
E   assert 422 == 200
E    +  where 422 = &lt;Response [422]&gt;.status_code</failure></testcase><testcase classname="tests.test_iteration24_promotions_babyseat.TestRegression" name="test_fleet_counts" time="0.250" /><testcase classname="tests.test_iteration24_promotions_babyseat.TestRegression" name="test_live_stats" time="0.040" /><testcase classname="tests.test_iteration24_promotions_babyseat.TestPromotions" name="test_admin_create_promotion" time="0.390" /><testcase classname="tests.test_iteration24_promotions_babyseat.TestRegression" name="test_push_vapid" time="0.038"><failure message="assert 404 == 200&#10; +  where 404 = &lt;Response [404]&gt;.status_code">backend/tests/test_iteration24_promotions_babyseat.py:263: in test_push_vapid
    assert r.status_code == 200
E   assert 404 == 200
E    +  where 404 = &lt;Response [404]&gt;.status_code</failure></testcase><testcase classname="tests.test_iteration24_promotions_babyseat.TestPromotions" name="test_public_list_now_contains_promo" time="0.219" /><testcase classname="tests.test_iteration24_promotions_babyseat.TestRegression" name="test_facebook_status" time="0.313"><failure message="assert 405 == 200&#10; +  where 405 = &lt;Response [405]&gt;.status_code">backend/tests/test_iteration24_promotions_babyseat.py:267: in test_facebook_status
    assert r.status_code == 200
E   assert 405 == 200
E    +  where 405 = &lt;Response [405]&gt;.status_code</failure></testcase><testcase classname="tests.test_iteration24_promotions_babyseat.TestPromotions" name="test_booking_auto_applies_promo" time="0.036"><failure message="AssertionError: {&quot;detail&quot;:[{&quot;type&quot;:&quot;missing&quot;,&quot;loc&quot;:[&quot;body&quot;,&quot;price&quot;],&quot;msg&quot;:&quot;Field required&quot;,&quot;input&quot;:{&quot;service_type&quot;:&quot;taxi&quot;,&quot;item_id&quot;:&quot;lpia-nassau&quot;,&quot;item_name&quot;:&quot;LPIA → Nassau&quot;,&quot;customer_name&quot;:&quot;TEST_PromoApply&quot;,&quot;customer_email&quot;:&quot;test_promoapply@example.com&quot;,&quot;customer_phone&quot;:&quot;+12420000000&quot;,&quot;pickup_date&quot;:&quot;2026-08-05&quot;,&quot;pickup_time&quot;:&quot;10:00&quot;,&quot;pickup_location&quot;:&quot;LPIA&quot;,&quot;dropoff_location&quot;:&quot;Nassau&quot;,&quot;num_passengers&quot;:1,&quot;num_lug&#10;assert 422 == 200&#10; +  where 422 = &lt;Response [422]&gt;.status_code">backend/tests/test_iteration24_promotions_babyseat.py:149: in test_booking_auto_applies_promo
    assert r.status_code == 200, r.text[:400]
E   AssertionError: {"detail":[{"type":"missing","loc":["body","price"],"msg":"Field required","input":{"service_type":"taxi","item_id":"lpia-nassau","item_name":"LPIA → Nassau","customer_name":"TEST_PromoApply","customer_email":"test_promoapply@example.com","customer_phone":"+12420000000","pickup_date":"2026-08-05","pickup_time":"10:00","pickup_location":"LPIA","dropoff_location":"Nassau","num_passengers":1,"num_lug
E   assert 422 == 200
E    +  where 422 = &lt;Response [422]&gt;.status_code</failure></testcase><testcase classname="tests.test_iteration24_promotions_babyseat.TestPromotions" name="test_admin_patch_deactivate" time="0.040" /><testcase classname="tests.test_iteration24_promotions_babyseat.TestRegression" name="test_driver_manifest" time="0.121" /><testcase classname="tests.test_iteration24_promotions_babyseat.TestPromotions" name="test_public_list_after_deactivate" time="0.033" /><testcase classname="tests.test_iteration24_promotions_babyseat.TestPromotions" name="test_admin_delete" time="0.041" /><testcase classname="tests.test_iteration24_promotions_babyseat.TestPromotions" name="test_delete_404_on_missing" time="0.082" /><testcase classname="tests.test_iteration24_promotions_babyseat.TestRegression" name="test_gallery_submit_and_approve" time="0.076"><failure message="AssertionError: {&quot;detail&quot;:[{&quot;type&quot;:&quot;missing&quot;,&quot;loc&quot;:[&quot;body&quot;,&quot;file&quot;],&quot;msg&quot;:&quot;Field required&quot;,&quot;input&quot;:null,&quot;url&quot;:&quot;https://errors.pydantic.dev/2.13/v/missing&quot;}]}&#10;assert 422 == 200&#10; +  where 422 = &lt;Response [422]&gt;.status_code">backend/tests/test_iteration24_promotions_babyseat.py:287: in test_gallery_submit_and_approve
    assert r.status_code == 200, r.text[:400]
E   AssertionError: {"detail":[{"type":"missing","loc":["body","file"],"msg":"Field required","input":null,"url":"https://errors.pydantic.dev/2.13/v/missing"}]}
E   assert 422 == 200
E    +  where 422 = &lt;Response [422]&gt;.status_code</failure></testcase><testcase classname="tests.test_iteration24_promotions_babyseat.TestHomeSlides" name="test_10_slides_with_ardastra" time="0.043" /><testcase classname="tests.test_iteration24_promotions_babyseat.TestHomeSlides" name="test_slide_images_high_res" time="0.038"><failure message="AssertionError: only 0 hi-res slide URLs found&#10;assert 0 &gt;= 5">backend/tests/test_iteration24_promotions_babyseat.py:202: in test_slide_images_high_res
    assert hires_count &gt;= 5, f"only {hires_count} hi-res slide URLs found"
E   AssertionError: only 0 hi-res slide URLs found
E   assert 0 &gt;= 5</failure></testcase><testcase classname="tests.test_iteration24_promotions_babyseat.TestBabySeat" name="test_baby_seat_fee_5_days" time="0.075"><failure message="AssertionError: {&quot;detail&quot;:[{&quot;type&quot;:&quot;missing&quot;,&quot;loc&quot;:[&quot;body&quot;,&quot;price&quot;],&quot;msg&quot;:&quot;Field required&quot;,&quot;input&quot;:{&quot;service_type&quot;:&quot;rental&quot;,&quot;item_id&quot;:&quot;spark-compact&quot;,&quot;item_name&quot;:&quot;Test rental&quot;,&quot;customer_name&quot;:&quot;TEST_BabySeat5&quot;,&quot;customer_email&quot;:&quot;test_babyseat5@example.com&quot;,&quot;customer_phone&quot;:&quot;+12420000000&quot;,&quot;pickup_date&quot;:&quot;2026-08-05&quot;,&quot;pickup_time&quot;:&quot;10:00&quot;,&quot;days&quot;:5,&quot;baby_seats&quot;:2},&quot;url&quot;:&quot;https://errors.pydantic.dev/2.13/v/missing&quot;},{&quot;t&#10;assert 422 == 200&#10; +  where 422 = &lt;Response [422]&gt;.status_code">backend/tests/test_iteration24_promotions_babyseat.py:70: in test_baby_seat_fee_5_days
    assert r.status_code == 200, r.text[:400]
E   AssertionError: {"detail":[{"type":"missing","loc":["body","price"],"msg":"Field required","input":{"service_type":"rental","item_id":"spark-compact","item_name":"Test rental","customer_name":"TEST_BabySeat5","customer_email":"test_babyseat5@example.com","customer_phone":"+12420000000","pickup_date":"2026-08-05","pickup_time":"10:00","days":5,"baby_seats":2},"url":"https://errors.pydantic.dev/2.13/v/missing"},{"t
E   assert 422 == 200
E    +  where 422 = &lt;Response [422]&gt;.status_code</failure></testcase><testcase classname="tests.test_iteration24_promotions_babyseat.TestPackages" name="test_two_packages" time="0.045" /><testcase classname="tests.test_iteration24_promotions_babyseat.TestBabySeat" name="test_baby_seat_free_15_days" time="0.033"><failure message="AssertionError: {&quot;detail&quot;:[{&quot;type&quot;:&quot;missing&quot;,&quot;loc&quot;:[&quot;body&quot;,&quot;price&quot;],&quot;msg&quot;:&quot;Field required&quot;,&quot;input&quot;:{&quot;service_type&quot;:&quot;rental&quot;,&quot;item_id&quot;:&quot;spark-compact&quot;,&quot;item_name&quot;:&quot;Test rental&quot;,&quot;customer_name&quot;:&quot;TEST_BabySeat15&quot;,&quot;customer_email&quot;:&quot;test_babyseat15@example.com&quot;,&quot;customer_phone&quot;:&quot;+12420000000&quot;,&quot;pickup_date&quot;:&quot;2026-08-05&quot;,&quot;pickup_time&quot;:&quot;10:00&quot;,&quot;days&quot;:15,&quot;baby_seats&quot;:2},&quot;url&quot;:&quot;https://errors.pydantic.dev/2.13/v/missing&quot;},&#10;assert 422 == 200&#10; +  where 422 = &lt;Response [422]&gt;.status_code">backend/tests/test_iteration24_promotions_babyseat.py:92: in test_baby_seat_free_15_days
    assert r.status_code == 200, r.text[:400]
E   AssertionError: {"detail":[{"type":"missing","loc":["body","price"],"msg":"Field required","input":{"service_type":"rental","item_id":"spark-compact","item_name":"Test rental","customer_name":"TEST_BabySeat15","customer_email":"test_babyseat15@example.com","customer_phone":"+12420000000","pickup_date":"2026-08-05","pickup_time":"10:00","days":15,"baby_seats":2},"url":"https://errors.pydantic.dev/2.13/v/missing"},
E   assert 422 == 200
E    +  where 422 = &lt;Response [422]&gt;.status_code</failure></testcase><testcase classname="tests.test_iteration24_promotions_babyseat.TestPackages" name="test_airport_tour_lpia_image" time="0.035" /></testsuite></testsuites>