<?xml version="1.0" encoding="utf-8"?><testsuites name="pytest tests"><testsuite name="pytest" errors="0" failures="0" skipped="0" tests="12" time="2.596" timestamp="2026-07-30T13:38:25.759663+00:00" hostname="agent-env-7e458bd7-4c4b-422c-9e17-6e0d77e6c73f"><testcase classname="tests.test_rental_extension" name="test_extend_quote_unauthenticated_401" time="0.178" /><testcase classname="tests.test_rental_extension" name="test_extend_quote_happy_path" time="0.491" /><testcase classname="tests.test_rental_extension" name="test_extend_quote_tier_crossing_7pct" time="0.083" /><testcase classname="tests.test_rental_extension" name="test_extend_quote_unpaid_400" time="0.100" /><testcase classname="tests.test_rental_extension" name="test_extend_quote_non_rental_400" time="0.113" /><testcase classname="tests.test_rental_extension" name="test_extend_quote_cancelled_or_completed_400[cancelled-cancelled]" time="0.092" /><testcase classname="tests.test_rental_extension" name="test_extend_quote_cancelled_or_completed_400[completed-completed]" time="0.083" /><testcase classname="tests.test_rental_extension" name="test_extend_quote_other_users_booking_404" time="0.098" /><testcase classname="tests.test_rental_extension" name="test_extend_quote_out_of_range_422[0]" time="0.081" /><testcase classname="tests.test_rental_extension" name="test_extend_quote_out_of_range_422[31]" time="0.093" /><testcase classname="tests.test_rental_extension" name="test_extend_quote_blocked_by_blackout_400" time="0.145" /><testcase classname="tests.test_rental_extension" name="test_extend_checkout_happy_path" time="0.896" /></testsuite></testsuites>