<?xml version="1.0" encoding="utf-8"?><testsuites name="pytest tests"><testsuite name="pytest" errors="0" failures="0" skipped="0" tests="12" time="2.442" timestamp="2026-07-29T04:16:33.329000+00:00" hostname="agent-env-7e458bd7-4c4b-422c-9e17-6e0d77e6c73f"><testcase classname="tests.test_gallery_submissions.TestGallerySubmit" name="test_submit_valid_image" time="0.143" /><testcase classname="tests.test_gallery_submissions.TestGallerySubmit" name="test_submit_rejects_non_image_mime" time="0.074" /><testcase classname="tests.test_gallery_submissions.TestGallerySubmit" name="test_submit_rejects_oversized" time="0.265" /><testcase classname="tests.test_gallery_submissions.TestGallerySubmit" name="test_submit_missing_file" time="0.084" /><testcase classname="tests.test_gallery_submissions.TestAdminGalleryAuth" name="test_pending_requires_auth" time="0.085" /><testcase classname="tests.test_gallery_submissions.TestAdminGalleryAuth" name="test_approve_requires_auth" time="0.102" /><testcase classname="tests.test_gallery_submissions.TestAdminGalleryAuth" name="test_reject_requires_auth" time="0.069" /><testcase classname="tests.test_gallery_submissions.TestAdminGalleryFlow" name="test_pending_contains_submission" time="0.361" /><testcase classname="tests.test_gallery_submissions.TestAdminGalleryFlow" name="test_approve_publishes_to_gallery" time="0.723" /><testcase classname="tests.test_gallery_submissions.TestAdminGalleryFlow" name="test_approve_idempotent_returns_404" time="0.081" /><testcase classname="tests.test_gallery_submissions.TestAdminGalleryFlow" name="test_reject_flow" time="0.294" /><testcase classname="tests.test_gallery_submissions.TestAdminGalleryFlow" name="test_reject_nonexistent_returns_404" time="0.081" /></testsuite></testsuites>