<?xml version="1.0" encoding="utf-8"?><testsuites name="pytest tests"><testsuite name="pytest" errors="0" failures="0" skipped="0" tests="16" time="2.368" timestamp="2026-07-28T02:47:52.642681+00:00" hostname="agent-env-7e458bd7-4c4b-422c-9e17-6e0d77e6c73f"><testcase classname="tests.test_iteration10_images.TestAuth" name="test_get_requires_auth" time="0.100" /><testcase classname="tests.test_iteration10_images.TestAuth" name="test_post_requires_auth" time="0.065" /><testcase classname="tests.test_iteration10_images.TestAuth" name="test_delete_requires_auth" time="0.065" /><testcase classname="tests.test_iteration10_images.TestImagesCrud" name="test_upload_png_ok" time="0.369" /><testcase classname="tests.test_iteration10_images.TestImagesCrud" name="test_upload_rejects_txt" time="0.070" /><testcase classname="tests.test_iteration10_images.TestImagesCrud" name="test_upload_rejects_oversize" time="0.401" /><testcase classname="tests.test_iteration10_images.TestImagesCrud" name="test_list_images_newest_first" time="0.064" /><testcase classname="tests.test_iteration10_images.TestImagesCrud" name="test_serve_uploaded_file" time="0.070" /><testcase classname="tests.test_iteration10_images.TestImagesCrud" name="test_delete_traversal_returns_404" time="0.086" /><testcase classname="tests.test_iteration10_images.TestImagesCrud" name="test_delete_nonexistent_returns_404" time="0.069" /><testcase classname="tests.test_iteration10_images.TestImagesCrud" name="test_delete_ok" time="0.167" /><testcase classname="tests.test_iteration10_images.TestRegression" name="test_login" time="0.291" /><testcase classname="tests.test_iteration10_images.TestRegression" name="test_bookings" time="0.080" /><testcase classname="tests.test_iteration10_images.TestRegression" name="test_stats" time="0.076" /><testcase classname="tests.test_iteration10_images.TestRegression" name="test_site_config_put" time="0.093" /><testcase classname="tests.test_iteration10_images.TestRegression" name="test_catalog_list" time="0.233" /></testsuite></testsuites>