<?xml version="1.0" encoding="utf-8"?><testsuites name="pytest tests"><testsuite name="pytest" errors="0" failures="3" skipped="0" tests="14" time="1.600" timestamp="2026-07-29T10:56:52.655794+00:00" hostname="agent-env-7e458bd7-4c4b-422c-9e17-6e0d77e6c73f"><testcase classname="tests.test_iteration21_push_manifest_packages.TestDriverManifest" name="test_manifest_no_auth" time="0.132" /><testcase classname="tests.test_iteration21_push_manifest_packages.TestWebPush" name="test_vapid_no_auth" time="0.128" /><testcase classname="tests.test_iteration21_push_manifest_packages.TestDriverManifest" name="test_manifest_today" time="0.543" /><testcase classname="tests.test_iteration21_push_manifest_packages.TestWebPush" name="test_vapid_with_auth" time="0.703" /><testcase classname="tests.test_iteration21_push_manifest_packages.TestDriverManifest" name="test_manifest_with_date" time="0.092" /><testcase classname="tests.test_iteration21_push_manifest_packages.TestDriverManifest" name="test_manifest_bad_date" time="0.077" /><testcase classname="tests.test_iteration21_push_manifest_packages.TestWebPush" name="test_subscribe_missing_keys" time="0.088" /><testcase classname="tests.test_iteration21_push_manifest_packages.TestBookingFlowForManifest" name="test_create_today_booking" time="0.075"><failure message="AssertionError: booking create failed: 422 {&quot;detail&quot;:[{&quot;type&quot;:&quot;missing&quot;,&quot;loc&quot;:[&quot;body&quot;,&quot;item_name&quot;],&quot;msg&quot;:&quot;Field required&quot;,&quot;input&quot;:{&quot;service_type&quot;:&quot;taxi&quot;,&quot;item_id&quot;:&quot;airport-transfer-lpia&quot;,&quot;customer_name&quot;:&quot;TEST_ManifestUser&quot;,&quot;customer_email&quot;:&quot;test.manifest@example.com&quot;,&quot;customer_phone&quot;:&quot;+12425550123&quot;,&quot;booking_date&quot;:&quot;2026-07-29T10:56:53.800659+00:00&quot;,&quot;pax&quot;:2,&quot;payment_method&quot;:&quot;zelle&quot;},&quot;url&quot;:&quot;https://errors.pydantic.dev/2.13/v/missing&quot;},{&quot;type&quot;:&quot;missing&quot;,&quot;loc&quot;:[&quot;body&quot;,&quot;price&quot;],&quot;msg&quot;:&quot;Field required&quot;,&quot;input&quot;:{&quot;service_type&quot;:&quot;taxi&quot;,&quot;item_id&quot;:&quot;airport-transfer-lpia&quot;,&quot;customer_name&quot;:&quot;TEST_ManifestUser&quot;,&quot;customer_email&quot;:&quot;test.manifest@example.com&quot;,&quot;customer_phone&quot;:&quot;+12425550123&quot;,&quot;booking_date&quot;:&quot;2026-07-29T10:56:53.800659+00:00&quot;,&quot;pax&quot;:2,&quot;payment_method&quot;:&quot;zelle&quot;},&quot;url&quot;:&quot;https://errors.pydantic.dev/2.13/v/missing&quot;},{&quot;type&quot;:&quot;missing&quot;,&quot;loc&quot;:[&quot;body&quot;,&quot;passengers&quot;],&quot;msg&quot;:&quot;Field required&quot;,&quot;input&quot;:{&quot;service_type&quot;:&quot;taxi&quot;,&quot;item_id&quot;:&quot;airport-transfer-lpia&quot;,&quot;customer_name&quot;:&quot;TEST_ManifestUser&quot;,&quot;customer_email&quot;:&quot;test.manifest@example.com&quot;,&quot;customer_phone&quot;:&quot;+12425550123&quot;,&quot;booking_date&quot;:&quot;2026-07-29T10:56:53.800659+00:00&quot;,&quot;pax&quot;:2,&quot;payment_method&quot;:&quot;zelle&quot;},&quot;url&quot;:&quot;https://errors.pydantic.dev/2.13/v/missing&quot;}]}&#10;assert 422 in (200, 201)&#10; +  where 422 = &lt;Response [422]&gt;.status_code">backend/tests/test_iteration21_push_manifest_packages.py:133: in test_create_today_booking
    assert r.status_code in (200, 201), f"booking create failed: {r.status_code} {r.text}"
E   AssertionError: booking create failed: 422 {"detail":[{"type":"missing","loc":["body","item_name"],"msg":"Field required","input":{"service_type":"taxi","item_id":"airport-transfer-lpia","customer_name":"TEST_ManifestUser","customer_email":"test.manifest@example.com","customer_phone":"+12425550123","booking_date":"2026-07-29T10:56:53.800659+00:00","pax":2,"payment_method":"zelle"},"url":"https://errors.pydantic.dev/2.13/v/missing"},{"type":"missing","loc":["body","price"],"msg":"Field required","input":{"service_type":"taxi","item_id":"airport-transfer-lpia","customer_name":"TEST_ManifestUser","customer_email":"test.manifest@example.com","customer_phone":"+12425550123","booking_date":"2026-07-29T10:56:53.800659+00:00","pax":2,"payment_method":"zelle"},"url":"https://errors.pydantic.dev/2.13/v/missing"},{"type":"missing","loc":["body","passengers"],"msg":"Field required","input":{"service_type":"taxi","item_id":"airport-transfer-lpia","customer_name":"TEST_ManifestUser","customer_email":"test.manifest@example.com","customer_phone":"+12425550123","booking_date":"2026-07-29T10:56:53.800659+00:00","pax":2,"payment_method":"zelle"},"url":"https://errors.pydantic.dev/2.13/v/missing"}]}
E   assert 422 in (200, 201)
E    +  where 422 = &lt;Response [422]&gt;.status_code</failure></testcase><testcase classname="tests.test_iteration21_push_manifest_packages.TestWebPush" name="test_subscribe_ok" time="0.094" /><testcase classname="tests.test_iteration21_push_manifest_packages.TestBookingFlowForManifest" name="test_booking_shows_in_manifest" time="0.001"><failure message="AssertionError: no booking id from prev test&#10;assert None">backend/tests/test_iteration21_push_manifest_packages.py:141: in test_booking_shows_in_manifest
    assert bid, "no booking id from prev test"
E   AssertionError: no booking id from prev test
E   assert None</failure></testcase><testcase classname="tests.test_iteration21_push_manifest_packages.TestBookingFlowForManifest" name="test_advance_status" time="0.000"><failure message="assert None">backend/tests/test_iteration21_push_manifest_packages.py:152: in test_advance_status
    assert bid
E   assert None</failure></testcase><testcase classname="tests.test_iteration21_push_manifest_packages.TestPackages" name="test_packages_list" time="0.101" /><testcase classname="tests.test_iteration21_push_manifest_packages.TestWebPush" name="test_push_test" time="0.122" /><testcase classname="tests.test_iteration21_push_manifest_packages.TestWebPush" name="test_unsubscribe" time="0.116" /></testsuite></testsuites>