<?xml version="1.0" encoding="utf-8"?><testsuites name="pytest tests"><testsuite name="pytest" errors="0" failures="0" skipped="0" tests="6" time="18.787" timestamp="2026-07-27T22:00:33.566863+00:00" hostname="agent-env-7e458bd7-4c4b-422c-9e17-6e0d77e6c73f"><testcase classname="tests.test_sms_pipeline" name="test_twilio_env_loaded" time="0.000" /><testcase classname="tests.test_sms_pipeline" name="test_direct_twilio_send_to_verified_number" time="4.910" /><testcase classname="tests.test_sms_pipeline" name="test_booking_zelle_triggers_sms_with_body" time="7.999" /><testcase classname="tests.test_sms_pipeline" name="test_smtp_email_send_no_exception" time="2.530" /><testcase classname="tests.test_sms_pipeline" name="test_send_sms_empty_phone_noop" time="0.215" /><testcase classname="tests.test_sms_pipeline" name="test_notify_booking_confirmed_empty_phone_no_exception" time="2.642" /></testsuite></testsuites>