<?xml version="1.0" encoding="utf-8"?><testsuites name="pytest tests"><testsuite name="pytest" errors="0" failures="0" skipped="0" tests="18" time="6.987" timestamp="2026-07-28T08:51:33.118074+00:00" hostname="agent-env-7e458bd7-4c4b-422c-9e17-6e0d77e6c73f"><testcase classname="tests.test_iteration11_contact_messages.TestContactPost" name="test_post_contact_ok" time="4.871" /><testcase classname="tests.test_iteration11_contact_messages.TestContactPost" name="test_post_contact_invalid_email" time="0.085" /><testcase classname="tests.test_iteration11_contact_messages.TestContactPost" name="test_post_contact_missing_message" time="0.087" /><testcase classname="tests.test_iteration11_contact_messages.TestAdminContactMessages" name="test_list_requires_auth" time="0.096" /><testcase classname="tests.test_iteration11_contact_messages.TestAdminContactMessages" name="test_patch_requires_auth" time="0.087" /><testcase classname="tests.test_iteration11_contact_messages.TestAdminContactMessages" name="test_delete_requires_auth" time="0.091" /><testcase classname="tests.test_iteration11_contact_messages.TestAdminContactMessages" name="test_list_newest_first_contains_created" time="0.392" /><testcase classname="tests.test_iteration11_contact_messages.TestAdminContactMessages" name="test_patch_status_replied" time="0.079" /><testcase classname="tests.test_iteration11_contact_messages.TestAdminContactMessages" name="test_patch_invalid_status" time="0.080" /><testcase classname="tests.test_iteration11_contact_messages.TestAdminContactMessages" name="test_patch_unknown_id" time="0.099" /><testcase classname="tests.test_iteration11_contact_messages.TestAdminContactMessages" name="test_delete_unknown_id" time="0.090" /><testcase classname="tests.test_iteration11_contact_messages.TestAdminContactMessages" name="test_delete_ok" time="0.173" /><testcase classname="tests.test_iteration11_contact_messages.TestSiteConfigGoogleReviews" name="test_put_google_reviews_url" time="0.155" /><testcase classname="tests.test_iteration11_contact_messages.TestIter10Regression" name="test_upload_png" time="0.084" /><testcase classname="tests.test_iteration11_contact_messages.TestIter10Regression" name="test_list_images" time="0.076" /><testcase classname="tests.test_iteration11_contact_messages.TestIter10Regression" name="test_serve_upload" time="0.075" /><testcase classname="tests.test_iteration11_contact_messages.TestIter10Regression" name="test_delete_image" time="0.070" /><testcase classname="tests.test_iteration11_contact_messages.TestIter10Regression" name="test_catalog_public" time="0.244" /></testsuite></testsuites>