<?xml version="1.0" encoding="utf-8"?><testsuites name="pytest tests"><testsuite name="pytest" errors="0" failures="0" skipped="0" tests="8" time="1.633" timestamp="2026-07-28T10:35:32.384146+00:00" hostname="agent-env-7e458bd7-4c4b-422c-9e17-6e0d77e6c73f"><testcase classname="tests.test_iteration14_slides_external.TestHomeSlidesPublic" name="test_public_list_seven_slides_sorted" time="0.337" /><testcase classname="tests.test_iteration14_slides_external.TestHomeSlidesAdminCRUD" name="test_admin_list_includes_all" time="0.414" /><testcase classname="tests.test_iteration14_slides_external.TestHomeSlidesPublic" name="test_last_seed_is_hero_straw" time="0.095" /><testcase classname="tests.test_iteration14_slides_external.TestHomeSlidesAdminCRUD" name="test_route_not_shadowed_by_catch_all" time="0.079" /><testcase classname="tests.test_iteration14_slides_external.TestHomeSlidesAdminCRUD" name="test_create_update_delete_slide" time="0.588" /><testcase classname="tests.test_iteration14_slides_external.TestTourExternalBookingUrl" name="test_put_sets_external_url_and_public_exposes_it" time="0.578" /><testcase classname="tests.test_iteration14_slides_external.TestTourExternalBookingUrl" name="test_setting_null_hides_field" time="0.313" /><testcase classname="tests.test_iteration14_slides_external.TestHomeSlidesAdminCRUD" name="test_delete_missing_returns_404" time="0.073" /></testsuite></testsuites>