<?xml version="1.0" encoding="utf-8"?><testsuites name="pytest tests"><testsuite name="pytest" errors="0" failures="0" skipped="1" tests="9" time="10.144" timestamp="2026-07-28T00:50:54.653553+00:00" hostname="agent-env-7e458bd7-4c4b-422c-9e17-6e0d77e6c73f"><testcase classname="tests.test_iteration8" name="test_tours_catalog_count" time="0.098" /><testcase classname="tests.test_iteration8" name="test_taxi_services_catalog_count" time="0.083" /><testcase classname="tests.test_iteration8" name="test_rentals_catalog_count" time="0.070" /><testcase classname="tests.test_iteration8" name="test_booking_receipt_pdf" time="2.906" /><testcase classname="tests.test_iteration8" name="test_create_booking_response_includes_notified_at" time="0.000" /><testcase classname="tests.test_iteration8" name="test_wedding_quote_pdf" time="0.372"><skipped type="pytest.skip" message="wedding-package create failed with 404: {&quot;detail&quot;:&quot;Not Found&quot;}">/app/backend/tests/test_iteration8.py:137: wedding-package create failed with 404: {"detail":"Not Found"}</skipped></testcase><testcase classname="tests.test_iteration8" name="test_resend_respects_toggles_when_no_body" time="2.983" /><testcase classname="tests.test_iteration8" name="test_resend_with_force_true_bypasses_toggles" time="2.913" /><testcase classname="tests.test_iteration8" name="test_resend_with_empty_body_respects_toggles" time="0.215" /></testsuite></testsuites>