<?xml version="1.0" encoding="utf-8"?><testsuites name="pytest tests"><testsuite name="pytest" errors="0" failures="0" skipped="0" tests="15" time="24.501" timestamp="2026-07-29T02:30:02.793237+00:00" hostname="agent-env-7e458bd7-4c4b-422c-9e17-6e0d77e6c73f"><testcase classname="tests.test_iteration19_flight_refund_blackout.TestFlightTracker" name="test_flight_wu805_found" time="0.629" /><testcase classname="tests.test_iteration19_flight_refund_blackout.TestBlackoutDates" name="test_public_get_default_empty_or_list" time="0.247" /><testcase classname="tests.test_iteration19_flight_refund_blackout.TestBlackoutDates" name="test_admin_set_requires_auth" time="0.075" /><testcase classname="tests.test_iteration19_flight_refund_blackout.TestBlackoutDates" name="test_admin_set_and_get" time="0.482" /><testcase classname="tests.test_iteration19_flight_refund_blackout.TestFlightTracker" name="test_flight_not_found_returns_200" time="0.337" /><testcase classname="tests.test_iteration19_flight_refund_blackout.TestBlackoutDates" name="test_booking_on_blackout_rejected" time="0.819" /><testcase classname="tests.test_iteration19_flight_refund_blackout.TestFlightTracker" name="test_flight_invalid_short" time="0.073" /><testcase classname="tests.test_iteration19_flight_refund_blackout.TestFlightTracker" name="test_flight_cache" time="0.138" /><testcase classname="tests.test_iteration19_flight_refund_blackout.TestBookingFlightField" name="test_booking_stores_flight_number_uppercase" time="3.178" /><testcase classname="tests.test_iteration19_flight_refund_blackout.TestBlackoutDates" name="test_clearing_blackout_allows_booking" time="6.185" /><testcase classname="tests.test_iteration19_flight_refund_blackout.TestTours" name="test_tours_available" time="0.083" /><testcase classname="tests.test_iteration19_flight_refund_blackout.TestCancellation" name="test_cancel_zelle_paid_far_future" time="6.938" /><testcase classname="tests.test_iteration19_flight_refund_blackout.TestCancellation" name="test_cancel_far_future_unpaid_still_computes_fee" time="3.038" /><testcase classname="tests.test_iteration19_flight_refund_blackout.TestCancellation" name="test_cancel_within_48h_no_refund" time="3.226" /><testcase classname="tests.test_iteration19_flight_refund_blackout.TestCancellation" name="test_cancel_already_cancelled_returns_400" time="3.114" /></testsuite></testsuites>