<?xml version="1.0" encoding="utf-8"?><testsuites name="pytest tests"><testsuite name="pytest" errors="0" failures="0" skipped="0" tests="10" time="2.346" timestamp="2026-07-29T21:05:28.860519+00:00" hostname="agent-env-7e458bd7-4c4b-422c-9e17-6e0d77e6c73f"><testcase classname="tests.test_iteration25_tokens" name="test_tokens_list_requires_auth" time="0.145" /><testcase classname="tests.test_iteration25_tokens" name="test_tokens_list_returns_29_registered" time="0.372" /><testcase classname="tests.test_iteration25_tokens" name="test_put_unknown_key_returns_400" time="0.071" /><testcase classname="tests.test_iteration25_tokens" name="test_put_and_persist_roundtrip" time="0.401" /><testcase classname="tests.test_iteration25_tokens" name="test_put_empty_string_clears_override" time="0.256" /><testcase classname="tests.test_iteration25_tokens" name="test_delete_unknown_key_400" time="0.092" /><testcase classname="tests.test_iteration25_tokens" name="test_delete_clears_override" time="0.181" /><testcase classname="tests.test_iteration25_tokens" name="test_facebook_status_endpoint" time="0.269" /><testcase classname="tests.test_iteration25_tokens" name="test_tours_list_public" time="0.093" /><testcase classname="tests.test_iteration25_tokens" name="test_taxi_services_hub_prices" time="0.093" /></testsuite></testsuites>