<?xml version="1.0" encoding="utf-8"?><testsuites name="pytest tests"><testsuite name="pytest" errors="0" failures="6" skipped="0" tests="6" time="1.244" timestamp="2026-07-27T22:12:07.454115+00:00" hostname="agent-env-7e458bd7-4c4b-422c-9e17-6e0d77e6c73f"><testcase classname="tests.test_rentals_update" name="test_compact_spark_updated" time="0.248"><failure message="AssertionError: color=Silver&#10;assert 'silver' == 'white'&#10;  &#10;  - white&#10;  + silver">backend/tests/test_rentals_update.py:23: in test_compact_spark_updated
    assert spark.get("color", "").lower() == "white", f"color={spark.get('color')}"
E   AssertionError: color=Silver
E   assert 'silver' == 'white'
E     
E     - white
E     + silver</failure></testcase><testcase classname="tests.test_rentals_update" name="test_sedan_versa_renamed" time="0.075"><failure message="AssertionError: versa-white not found&#10;assert None is not None">backend/tests/test_rentals_update.py:30: in test_sedan_versa_renamed
    assert versa is not None, "versa-white not found"
E   AssertionError: versa-white not found
E   assert None is not None</failure></testcase><testcase classname="tests.test_rentals_update" name="test_old_sentra_orange_removed" time="0.083"><failure message="AssertionError: sentra-orange still present: ids=['spark-compact', 'sentra-orange', 'malibu-fullsize', 'trax-suv', 'town-country-van']&#10;assert 'sentra-orange' not in ['spark-compact', 'sentra-orange', 'malibu-fullsize', 'trax-suv', 'town-country-van']">backend/tests/test_rentals_update.py:42: in test_old_sentra_orange_removed
    assert "sentra-orange" not in ids, f"sentra-orange still present: ids={ids}"
E   AssertionError: sentra-orange still present: ids=['spark-compact', 'sentra-orange', 'malibu-fullsize', 'trax-suv', 'town-country-van']
E   assert 'sentra-orange' not in ['spark-compact', 'sentra-orange', 'malibu-fullsize', 'trax-suv', 'town-country-van']</failure></testcase><testcase classname="tests.test_rentals_update" name="test_image_urls_return_200_image_content" time="0.080"><failure message="StopIteration">backend/tests/test_rentals_update.py:48: in test_image_urls_return_200_image_content
    versa = next(x for x in rentals if x.get("id") == "versa-white")
            ^^^^^^^^^^^^^^^^^^^^^^^^^^^^^^^^^^^^^^^^^^^^^^^^^^^^^^^^
E   StopIteration</failure></testcase><testcase classname="tests.test_rentals_update" name="test_booking_spark_compact" time="0.152"><failure message="AssertionError: status=422 body={&quot;detail&quot;:[{&quot;type&quot;:&quot;missing&quot;,&quot;loc&quot;:[&quot;body&quot;,&quot;item_name&quot;],&quot;msg&quot;:&quot;Field required&quot;,&quot;input&quot;:{&quot;service_type&quot;:&quot;rental&quot;,&quot;item_id&quot;:&quot;spark-compact&quot;,&quot;customer_name&quot;:&quot;TEST User&quot;,&quot;customer_email&quot;:&quot;test_rental@example.com&quot;,&quot;customer_phone&quot;:&quot;+12425551234&quot;,&quot;booking_date&quot;:&quot;2026-06-22&quot;,&quot;pickup_time&quot;:&quot;10:00&quot;,&quot;days&quot;:2,&quot;notes&quot;:&quot;TEST booking&quot;},&quot;url&quot;:&quot;https://errors.pydantic.dev/2.13/v/missing&quot;},{&quot;type&quot;:&quot;missing&quot;,&quot;loc&quot;:[&quot;body&quot;,&quot;price&quot;],&quot;msg&quot;:&quot;Field required&quot;,&quot;input&quot;:{&quot;service_type&quot;:&quot;rental&quot;,&quot;item_id&quot;:&quot;spark-compact&quot;,&quot;customer_name&quot;:&quot;TEST User&quot;,&quot;customer_email&quot;:&quot;test_rental@example.com&quot;,&quot;customer_phone&quot;:&quot;+12425551234&quot;,&quot;booking_date&quot;:&quot;2026-06-22&quot;,&quot;pickup_time&quot;:&quot;10:00&quot;,&quot;days&quot;:2,&quot;notes&quot;:&quot;TEST booking&quot;},&quot;url&quot;:&quot;https://errors.pydantic.dev/2.13/v/missing&quot;},{&quot;type&quot;:&quot;missing&quot;,&quot;loc&quot;:[&quot;body&quot;,&quot;passengers&quot;],&quot;msg&quot;:&quot;Field required&quot;,&quot;input&quot;:{&quot;service_type&quot;:&quot;rental&quot;,&quot;item_id&quot;:&quot;spark-compact&quot;,&quot;customer_name&quot;:&quot;TEST User&quot;,&quot;customer_email&quot;:&quot;test_rental@example.com&quot;,&quot;customer_phone&quot;:&quot;+12425551234&quot;,&quot;booking_date&quot;:&quot;2026-06-22&quot;,&quot;pickup_time&quot;:&quot;10:00&quot;,&quot;days&quot;:2,&quot;notes&quot;:&quot;TEST booking&quot;},&quot;url&quot;:&quot;https://errors.pydantic.dev/2.13/v/missing&quot;},{&quot;type&quot;:&quot;missing&quot;,&quot;loc&quot;:[&quot;body&quot;,&quot;payment_method&quot;],&quot;msg&quot;:&quot;Field required&quot;,&quot;input&quot;:{&quot;service_type&quot;:&quot;rental&quot;,&quot;item_id&quot;:&quot;spark-compact&quot;,&quot;customer_name&quot;:&quot;TEST User&quot;,&quot;customer_email&quot;:&quot;test_rental@example.com&quot;,&quot;customer_phone&quot;:&quot;+12425551234&quot;,&quot;booking_date&quot;:&quot;2026-06-22&quot;,&quot;pickup_time&quot;:&quot;10:00&quot;,&quot;days&quot;:2,&quot;notes&quot;:&quot;TEST booking&quot;},&quot;url&quot;:&quot;https://errors.pydantic.dev/2.13/v/missing&quot;}]}&#10;assert 422 in (200, 201)&#10; +  where 422 = &lt;Response [422]&gt;.status_code">backend/tests/test_rentals_update.py:80: in test_booking_spark_compact
    assert r.status_code in (200, 201), f"status={r.status_code} body={r.text}"
E   AssertionError: status=422 body={"detail":[{"type":"missing","loc":["body","item_name"],"msg":"Field required","input":{"service_type":"rental","item_id":"spark-compact","customer_name":"TEST User","customer_email":"test_rental@example.com","customer_phone":"+12425551234","booking_date":"2026-06-22","pickup_time":"10:00","days":2,"notes":"TEST booking"},"url":"https://errors.pydantic.dev/2.13/v/missing"},{"type":"missing","loc":["body","price"],"msg":"Field required","input":{"service_type":"rental","item_id":"spark-compact","customer_name":"TEST User","customer_email":"test_rental@example.com","customer_phone":"+12425551234","booking_date":"2026-06-22","pickup_time":"10:00","days":2,"notes":"TEST booking"},"url":"https://errors.pydantic.dev/2.13/v/missing"},{"type":"missing","loc":["body","passengers"],"msg":"Field required","input":{"service_type":"rental","item_id":"spark-compact","customer_name":"TEST User","customer_email":"test_rental@example.com","customer_phone":"+12425551234","booking_date":"2026-06-22","pickup_time":"10:00","days":2,"notes":"TEST booking"},"url":"https://errors.pydantic.dev/2.13/v/missing"},{"type":"missing","loc":["body","payment_method"],"msg":"Field required","input":{"service_type":"rental","item_id":"spark-compact","customer_name":"TEST User","customer_email":"test_rental@example.com","customer_phone":"+12425551234","booking_date":"2026-06-22","pickup_time":"10:00","days":2,"notes":"TEST booking"},"url":"https://errors.pydantic.dev/2.13/v/missing"}]}
E   assert 422 in (200, 201)
E    +  where 422 = &lt;Response [422]&gt;.status_code</failure></testcase><testcase classname="tests.test_rentals_update" name="test_booking_versa_white" time="0.103"><failure message="StopIteration">backend/tests/test_rentals_update.py:89: in test_booking_versa_white
    r, price = _create_booking("versa-white")
               ^^^^^^^^^^^^^^^^^^^^^^^^^^^^^^
backend/tests/test_rentals_update.py:61: in _create_booking
    rental = next(x for x in rentals if x.get("id") == item_id)
             ^^^^^^^^^^^^^^^^^^^^^^^^^^^^^^^^^^^^^^^^^^^^^^^^^^
E   StopIteration</failure></testcase></testsuite></testsuites>